have_library: checking for socket() in -lsocket... -------------------- no

"gcc-4.2 -o conftest -I/Users/shuky/.rvm/rubies/ruby-1.9.3-p0/include/ruby-1.9.1/x86_64-darwin11.2.0 -I/Users/shuky/.rvm/rubies/ruby-1.9.3-p0/include/ruby-1.9.1/ruby/backward -I/Users/shuky/.rvm/rubies/ruby-1.9.3-p0/include/ruby-1.9.1 -I. -D_XOPEN_SOURCE -D_DARWIN_C_SOURCE    -O3 -ggdb -Wextra -Wno-unused-parameter -Wno-parentheses -Wno-long-long -Wno-missing-field-initializers -Wpointer-arith -Wwrite-strings -Wdeclaration-after-statement -Wshorten-64-to-32 -Wimplicit-function-declaration  -fno-common -pipe conftest.c  -L. -L/Users/shuky/.rvm/rubies/ruby-1.9.3-p0/lib -L/Users/shuky/.rvm/rubies/ruby-1.9.3-p0/lib -L.      -lruby.1.9.1  -lpthread -ldl -lobjc "
checked program was:
/* begin */
1: #include "ruby.h"
2: 
3: int main() {return 0;}
/* end */

"gcc-4.2 -o conftest -I/Users/shuky/.rvm/rubies/ruby-1.9.3-p0/include/ruby-1.9.1/x86_64-darwin11.2.0 -I/Users/shuky/.rvm/rubies/ruby-1.9.3-p0/include/ruby-1.9.1/ruby/backward -I/Users/shuky/.rvm/rubies/ruby-1.9.3-p0/include/ruby-1.9.1 -I. -D_XOPEN_SOURCE -D_DARWIN_C_SOURCE    -O3 -ggdb -Wextra -Wno-unused-parameter -Wno-parentheses -Wno-long-long -Wno-missing-field-initializers -Wpointer-arith -Wwrite-strings -Wdeclaration-after-statement -Wshorten-64-to-32 -Wimplicit-function-declaration  -fno-common -pipe conftest.c  -L. -L/Users/shuky/.rvm/rubies/ruby-1.9.3-p0/lib -L/Users/shuky/.rvm/rubies/ruby-1.9.3-p0/lib -L.      -lruby.1.9.1 -lsocket  -lpthread -ldl -lobjc "
conftest.c: In function 't':
conftest.c:5: error: 'socket' undeclared (first use in this function)
conftest.c:5: error: (Each undeclared identifier is reported only once
conftest.c:5: error: for each function it appears in.)
checked program was:
/* begin */
1: #include "ruby.h"
2: 
3: /*top*/
4: int main() {return 0;}
5: int t() { void ((*volatile p)()); p = (void ((*)()))socket; return 0; }
/* end */

"gcc-4.2 -o conftest -I/Users/shuky/.rvm/rubies/ruby-1.9.3-p0/include/ruby-1.9.1/x86_64-darwin11.2.0 -I/Users/shuky/.rvm/rubies/ruby-1.9.3-p0/include/ruby-1.9.1/ruby/backward -I/Users/shuky/.rvm/rubies/ruby-1.9.3-p0/include/ruby-1.9.1 -I. -D_XOPEN_SOURCE -D_DARWIN_C_SOURCE    -O3 -ggdb -Wextra -Wno-unused-parameter -Wno-parentheses -Wno-long-long -Wno-missing-field-initializers -Wpointer-arith -Wwrite-strings -Wdeclaration-after-statement -Wshorten-64-to-32 -Wimplicit-function-declaration  -fno-common -pipe conftest.c  -L. -L/Users/shuky/.rvm/rubies/ruby-1.9.3-p0/lib -L/Users/shuky/.rvm/rubies/ruby-1.9.3-p0/lib -L.      -lruby.1.9.1 -lsocket  -lpthread -ldl -lobjc "
conftest.c: In function 't':
conftest.c:5: warning: implicit declaration of function 'socket'
ld: library not found for -lsocket
collect2: ld returned 1 exit status
checked program was:
/* begin */
1: #include "ruby.h"
2: 
3: /*top*/
4: int main() {return 0;}
5: int t() { socket(); return 0; }
/* end */

--------------------

have_library: checking for gethostbyname() in -lnsl... -------------------- no

"gcc-4.2 -o conftest -I/Users/shuky/.rvm/rubies/ruby-1.9.3-p0/include/ruby-1.9.1/x86_64-darwin11.2.0 -I/Users/shuky/.rvm/rubies/ruby-1.9.3-p0/include/ruby-1.9.1/ruby/backward -I/Users/shuky/.rvm/rubies/ruby-1.9.3-p0/include/ruby-1.9.1 -I. -D_XOPEN_SOURCE -D_DARWIN_C_SOURCE    -O3 -ggdb -Wextra -Wno-unused-parameter -Wno-parentheses -Wno-long-long -Wno-missing-field-initializers -Wpointer-arith -Wwrite-strings -Wdeclaration-after-statement -Wshorten-64-to-32 -Wimplicit-function-declaration  -fno-common -pipe conftest.c  -L. -L/Users/shuky/.rvm/rubies/ruby-1.9.3-p0/lib -L/Users/shuky/.rvm/rubies/ruby-1.9.3-p0/lib -L.      -lruby.1.9.1 -lnsl  -lpthread -ldl -lobjc "
conftest.c: In function 't':
conftest.c:5: error: 'gethostbyname' undeclared (first use in this function)
conftest.c:5: error: (Each undeclared identifier is reported only once
conftest.c:5: error: for each function it appears in.)
checked program was:
/* begin */
1: #include "ruby.h"
2: 
3: /*top*/
4: int main() {return 0;}
5: int t() { void ((*volatile p)()); p = (void ((*)()))gethostbyname; return 0; }
/* end */

"gcc-4.2 -o conftest -I/Users/shuky/.rvm/rubies/ruby-1.9.3-p0/include/ruby-1.9.1/x86_64-darwin11.2.0 -I/Users/shuky/.rvm/rubies/ruby-1.9.3-p0/include/ruby-1.9.1/ruby/backward -I/Users/shuky/.rvm/rubies/ruby-1.9.3-p0/include/ruby-1.9.1 -I. -D_XOPEN_SOURCE -D_DARWIN_C_SOURCE    -O3 -ggdb -Wextra -Wno-unused-parameter -Wno-parentheses -Wno-long-long -Wno-missing-field-initializers -Wpointer-arith -Wwrite-strings -Wdeclaration-after-statement -Wshorten-64-to-32 -Wimplicit-function-declaration  -fno-common -pipe conftest.c  -L. -L/Users/shuky/.rvm/rubies/ruby-1.9.3-p0/lib -L/Users/shuky/.rvm/rubies/ruby-1.9.3-p0/lib -L.      -lruby.1.9.1 -lnsl  -lpthread -ldl -lobjc "
conftest.c: In function 't':
conftest.c:5: warning: implicit declaration of function 'gethostbyname'
ld: library not found for -lnsl
collect2: ld returned 1 exit status
checked program was:
/* begin */
1: #include "ruby.h"
2: 
3: /*top*/
4: int main() {return 0;}
5: int t() { gethostbyname(); return 0; }
/* end */

--------------------

have_library: checking for atan() in -lm... -------------------- no

"gcc-4.2 -o conftest -I/Users/shuky/.rvm/rubies/ruby-1.9.3-p0/include/ruby-1.9.1/x86_64-darwin11.2.0 -I/Users/shuky/.rvm/rubies/ruby-1.9.3-p0/include/ruby-1.9.1/ruby/backward -I/Users/shuky/.rvm/rubies/ruby-1.9.3-p0/include/ruby-1.9.1 -I. -D_XOPEN_SOURCE -D_DARWIN_C_SOURCE    -O3 -ggdb -Wextra -Wno-unused-parameter -Wno-parentheses -Wno-long-long -Wno-missing-field-initializers -Wpointer-arith -Wwrite-strings -Wdeclaration-after-statement -Wshorten-64-to-32 -Wimplicit-function-declaration  -fno-common -pipe conftest.c  -L. -L/Users/shuky/.rvm/rubies/ruby-1.9.3-p0/lib -L/Users/shuky/.rvm/rubies/ruby-1.9.3-p0/lib -L.      -lruby.1.9.1 -lm  -lpthread -ldl -lobjc "
conftest.c: In function 't':
conftest.c:5: error: 'atan' undeclared (first use in this function)
conftest.c:5: error: (Each undeclared identifier is reported only once
conftest.c:5: error: for each function it appears in.)
checked program was:
/* begin */
1: #include "ruby.h"
2: 
3: /*top*/
4: int main() {return 0;}
5: int t() { void ((*volatile p)()); p = (void ((*)()))atan; return 0; }
/* end */

"gcc-4.2 -o conftest -I/Users/shuky/.rvm/rubies/ruby-1.9.3-p0/include/ruby-1.9.1/x86_64-darwin11.2.0 -I/Users/shuky/.rvm/rubies/ruby-1.9.3-p0/include/ruby-1.9.1/ruby/backward -I/Users/shuky/.rvm/rubies/ruby-1.9.3-p0/include/ruby-1.9.1 -I. -D_XOPEN_SOURCE -D_DARWIN_C_SOURCE    -O3 -ggdb -Wextra -Wno-unused-parameter -Wno-parentheses -Wno-long-long -Wno-missing-field-initializers -Wpointer-arith -Wwrite-strings -Wdeclaration-after-statement -Wshorten-64-to-32 -Wimplicit-function-declaration  -fno-common -pipe conftest.c  -L. -L/Users/shuky/.rvm/rubies/ruby-1.9.3-p0/lib -L/Users/shuky/.rvm/rubies/ruby-1.9.3-p0/lib -L.      -lruby.1.9.1 -lm  -lpthread -ldl -lobjc "
conftest.c: In function 't':
conftest.c:5: warning: implicit declaration of function 'atan'
conftest.c:5: warning: incompatible implicit declaration of built-in function 'atan'
conftest.c:5: error: too few arguments to function 'atan'
checked program was:
/* begin */
1: #include "ruby.h"
2: 
3: /*top*/
4: int main() {return 0;}
5: int t() { atan(); return 0; }
/* end */

--------------------

have_library: checking for atan() in -lm... -------------------- yes

"gcc-4.2 -o conftest -I/Users/shuky/.rvm/rubies/ruby-1.9.3-p0/include/ruby-1.9.1/x86_64-darwin11.2.0 -I/Users/shuky/.rvm/rubies/ruby-1.9.3-p0/include/ruby-1.9.1/ruby/backward -I/Users/shuky/.rvm/rubies/ruby-1.9.3-p0/include/ruby-1.9.1 -I. -D_XOPEN_SOURCE -D_DARWIN_C_SOURCE    -O3 -ggdb -Wextra -Wno-unused-parameter -Wno-parentheses -Wno-long-long -Wno-missing-field-initializers -Wpointer-arith -Wwrite-strings -Wdeclaration-after-statement -Wshorten-64-to-32 -Wimplicit-function-declaration  -fno-common -pipe -fno-builtin conftest.c  -L. -L/Users/shuky/.rvm/rubies/ruby-1.9.3-p0/lib -L/Users/shuky/.rvm/rubies/ruby-1.9.3-p0/lib -L.      -lruby.1.9.1 -lm  -lpthread -ldl -lobjc "
conftest.c: In function 't':
conftest.c:5: error: 'atan' undeclared (first use in this function)
conftest.c:5: error: (Each undeclared identifier is reported only once
conftest.c:5: error: for each function it appears in.)
checked program was:
/* begin */
1: #include "ruby.h"
2: 
3: /*top*/
4: int main() {return 0;}
5: int t() { void ((*volatile p)()); p = (void ((*)()))atan; return 0; }
/* end */

"gcc-4.2 -o conftest -I/Users/shuky/.rvm/rubies/ruby-1.9.3-p0/include/ruby-1.9.1/x86_64-darwin11.2.0 -I/Users/shuky/.rvm/rubies/ruby-1.9.3-p0/include/ruby-1.9.1/ruby/backward -I/Users/shuky/.rvm/rubies/ruby-1.9.3-p0/include/ruby-1.9.1 -I. -D_XOPEN_SOURCE -D_DARWIN_C_SOURCE    -O3 -ggdb -Wextra -Wno-unused-parameter -Wno-parentheses -Wno-long-long -Wno-missing-field-initializers -Wpointer-arith -Wwrite-strings -Wdeclaration-after-statement -Wshorten-64-to-32 -Wimplicit-function-declaration  -fno-common -pipe -fno-builtin conftest.c  -L. -L/Users/shuky/.rvm/rubies/ruby-1.9.3-p0/lib -L/Users/shuky/.rvm/rubies/ruby-1.9.3-p0/lib -L.      -lruby.1.9.1 -lm  -lpthread -ldl -lobjc "
conftest.c: In function 't':
conftest.c:5: warning: implicit declaration of function 'atan'
checked program was:
/* begin */
1: #include "ruby.h"
2: 
3: /*top*/
4: int main() {return 0;}
5: int t() { atan(); return 0; }
/* end */

--------------------

have_library: checking for inflate() in -lz... -------------------- yes

"gcc-4.2 -o conftest -I/Users/shuky/.rvm/rubies/ruby-1.9.3-p0/include/ruby-1.9.1/x86_64-darwin11.2.0 -I/Users/shuky/.rvm/rubies/ruby-1.9.3-p0/include/ruby-1.9.1/ruby/backward -I/Users/shuky/.rvm/rubies/ruby-1.9.3-p0/include/ruby-1.9.1 -I. -D_XOPEN_SOURCE -D_DARWIN_C_SOURCE    -O3 -ggdb -Wextra -Wno-unused-parameter -Wno-parentheses -Wno-long-long -Wno-missing-field-initializers -Wpointer-arith -Wwrite-strings -Wdeclaration-after-statement -Wshorten-64-to-32 -Wimplicit-function-declaration  -fno-common -pipe conftest.c  -L. -L/Users/shuky/.rvm/rubies/ruby-1.9.3-p0/lib -L/Users/shuky/.rvm/rubies/ruby-1.9.3-p0/lib -L.     -lm  -lruby.1.9.1 -lz -lm  -lpthread -ldl -lobjc "
conftest.c: In function 't':
conftest.c:5: error: 'inflate' undeclared (first use in this function)
conftest.c:5: error: (Each undeclared identifier is reported only once
conftest.c:5: error: for each function it appears in.)
checked program was:
/* begin */
1: #include "ruby.h"
2: 
3: /*top*/
4: int main() {return 0;}
5: int t() { void ((*volatile p)()); p = (void ((*)()))inflate; return 0; }
/* end */

"gcc-4.2 -o conftest -I/Users/shuky/.rvm/rubies/ruby-1.9.3-p0/include/ruby-1.9.1/x86_64-darwin11.2.0 -I/Users/shuky/.rvm/rubies/ruby-1.9.3-p0/include/ruby-1.9.1/ruby/backward -I/Users/shuky/.rvm/rubies/ruby-1.9.3-p0/include/ruby-1.9.1 -I. -D_XOPEN_SOURCE -D_DARWIN_C_SOURCE    -O3 -ggdb -Wextra -Wno-unused-parameter -Wno-parentheses -Wno-long-long -Wno-missing-field-initializers -Wpointer-arith -Wwrite-strings -Wdeclaration-after-statement -Wshorten-64-to-32 -Wimplicit-function-declaration  -fno-common -pipe conftest.c  -L. -L/Users/shuky/.rvm/rubies/ruby-1.9.3-p0/lib -L/Users/shuky/.rvm/rubies/ruby-1.9.3-p0/lib -L.     -lm  -lruby.1.9.1 -lz -lm  -lpthread -ldl -lobjc "
conftest.c: In function 't':
conftest.c:5: warning: implicit declaration of function 'inflate'
checked program was:
/* begin */
1: #include "ruby.h"
2: 
3: /*top*/
4: int main() {return 0;}
5: int t() { inflate(); return 0; }
/* end */

--------------------

have_library: checking for iconv_open() in -liconv... -------------------- yes

"gcc-4.2 -o conftest -I/Users/shuky/.rvm/rubies/ruby-1.9.3-p0/include/ruby-1.9.1/x86_64-darwin11.2.0 -I/Users/shuky/.rvm/rubies/ruby-1.9.3-p0/include/ruby-1.9.1/ruby/backward -I/Users/shuky/.rvm/rubies/ruby-1.9.3-p0/include/ruby-1.9.1 -I. -D_XOPEN_SOURCE -D_DARWIN_C_SOURCE    -O3 -ggdb -Wextra -Wno-unused-parameter -Wno-parentheses -Wno-long-long -Wno-missing-field-initializers -Wpointer-arith -Wwrite-strings -Wdeclaration-after-statement -Wshorten-64-to-32 -Wimplicit-function-declaration  -fno-common -pipe conftest.c  -L. -L/Users/shuky/.rvm/rubies/ruby-1.9.3-p0/lib -L/Users/shuky/.rvm/rubies/ruby-1.9.3-p0/lib -L.     -lz -lm  -lruby.1.9.1 -liconv -lz -lm  -lpthread -ldl -lobjc "
conftest.c: In function 't':
conftest.c:5: error: 'iconv_open' undeclared (first use in this function)
conftest.c:5: error: (Each undeclared identifier is reported only once
conftest.c:5: error: for each function it appears in.)
checked program was:
/* begin */
1: #include "ruby.h"
2: 
3: /*top*/
4: int main() {return 0;}
5: int t() { void ((*volatile p)()); p = (void ((*)()))iconv_open; return 0; }
/* end */

"gcc-4.2 -o conftest -I/Users/shuky/.rvm/rubies/ruby-1.9.3-p0/include/ruby-1.9.1/x86_64-darwin11.2.0 -I/Users/shuky/.rvm/rubies/ruby-1.9.3-p0/include/ruby-1.9.1/ruby/backward -I/Users/shuky/.rvm/rubies/ruby-1.9.3-p0/include/ruby-1.9.1 -I. -D_XOPEN_SOURCE -D_DARWIN_C_SOURCE    -O3 -ggdb -Wextra -Wno-unused-parameter -Wno-parentheses -Wno-long-long -Wno-missing-field-initializers -Wpointer-arith -Wwrite-strings -Wdeclaration-after-statement -Wshorten-64-to-32 -Wimplicit-function-declaration  -fno-common -pipe conftest.c  -L. -L/Users/shuky/.rvm/rubies/ruby-1.9.3-p0/lib -L/Users/shuky/.rvm/rubies/ruby-1.9.3-p0/lib -L.     -lz -lm  -lruby.1.9.1 -liconv -lz -lm  -lpthread -ldl -lobjc "
conftest.c: In function 't':
conftest.c:5: warning: implicit declaration of function 'iconv_open'
checked program was:
/* begin */
1: #include "ruby.h"
2: 
3: /*top*/
4: int main() {return 0;}
5: int t() { iconv_open(); return 0; }
/* end */

--------------------

have_library: checking for xmlParseDoc() in -lxml2... -------------------- yes

"gcc-4.2 -o conftest -I/Users/shuky/.rvm/rubies/ruby-1.9.3-p0/include/ruby-1.9.1/x86_64-darwin11.2.0 -I/Users/shuky/.rvm/rubies/ruby-1.9.3-p0/include/ruby-1.9.1/ruby/backward -I/Users/shuky/.rvm/rubies/ruby-1.9.3-p0/include/ruby-1.9.1 -I. -D_XOPEN_SOURCE -D_DARWIN_C_SOURCE    -O3 -ggdb -Wextra -Wno-unused-parameter -Wno-parentheses -Wno-long-long -Wno-missing-field-initializers -Wpointer-arith -Wwrite-strings -Wdeclaration-after-statement -Wshorten-64-to-32 -Wimplicit-function-declaration  -fno-common -pipe -I/usr/include/libxml2 conftest.c  -L. -L/Users/shuky/.rvm/rubies/ruby-1.9.3-p0/lib -L/Users/shuky/.rvm/rubies/ruby-1.9.3-p0/lib -L.     -lxml2 -lz -lpthread -licucore -lm -liconv -lz -lm  -lruby.1.9.1 -lxml2 -lxml2 -lz -lpthread -licucore -lm -liconv -lz -lm  -lpthread -ldl -lobjc "
conftest.c: In function 't':
conftest.c:5: error: 'xmlParseDoc' undeclared (first use in this function)
conftest.c:5: error: (Each undeclared identifier is reported only once
conftest.c:5: error: for each function it appears in.)
checked program was:
/* begin */
1: #include "ruby.h"
2: 
3: /*top*/
4: int main() {return 0;}
5: int t() { void ((*volatile p)()); p = (void ((*)()))xmlParseDoc; return 0; }
/* end */

"gcc-4.2 -o conftest -I/Users/shuky/.rvm/rubies/ruby-1.9.3-p0/include/ruby-1.9.1/x86_64-darwin11.2.0 -I/Users/shuky/.rvm/rubies/ruby-1.9.3-p0/include/ruby-1.9.1/ruby/backward -I/Users/shuky/.rvm/rubies/ruby-1.9.3-p0/include/ruby-1.9.1 -I. -D_XOPEN_SOURCE -D_DARWIN_C_SOURCE    -O3 -ggdb -Wextra -Wno-unused-parameter -Wno-parentheses -Wno-long-long -Wno-missing-field-initializers -Wpointer-arith -Wwrite-strings -Wdeclaration-after-statement -Wshorten-64-to-32 -Wimplicit-function-declaration  -fno-common -pipe -I/usr/include/libxml2 conftest.c  -L. -L/Users/shuky/.rvm/rubies/ruby-1.9.3-p0/lib -L/Users/shuky/.rvm/rubies/ruby-1.9.3-p0/lib -L.     -lxml2 -lz -lpthread -licucore -lm -liconv -lz -lm  -lruby.1.9.1 -lxml2 -lxml2 -lz -lpthread -licucore -lm -liconv -lz -lm  -lpthread -ldl -lobjc "
conftest.c: In function 't':
conftest.c:5: warning: implicit declaration of function 'xmlParseDoc'
checked program was:
/* begin */
1: #include "ruby.h"
2: 
3: /*top*/
4: int main() {return 0;}
5: int t() { xmlParseDoc(); return 0; }
/* end */

--------------------

have_header: checking for libxml/xmlversion.h... -------------------- yes

"gcc-4.2 -E -I/Users/shuky/.rvm/rubies/ruby-1.9.3-p0/include/ruby-1.9.1/x86_64-darwin11.2.0 -I/Users/shuky/.rvm/rubies/ruby-1.9.3-p0/include/ruby-1.9.1/ruby/backward -I/Users/shuky/.rvm/rubies/ruby-1.9.3-p0/include/ruby-1.9.1 -I. -D_XOPEN_SOURCE -D_DARWIN_C_SOURCE    -O3 -ggdb -Wextra -Wno-unused-parameter -Wno-parentheses -Wno-long-long -Wno-missing-field-initializers -Wpointer-arith -Wwrite-strings -Wdeclaration-after-statement -Wshorten-64-to-32 -Wimplicit-function-declaration  -fno-common -pipe -I/usr/include/libxml2  conftest.c -o conftest.i"
checked program was:
/* begin */
1: #include "ruby.h"
2: 
3: #include <libxml/xmlversion.h>
/* end */

--------------------

