have_header: checking for vm_core.h... -------------------- no

"gcc-4.2 -o conftest -I/Users/shuky/.rvm/rubies/ruby-1.9.3-p0/include/ruby-1.9.1/x86_64-darwin11.2.0 -I/Users/shuky/.rvm/rubies/ruby-1.9.3-p0/include/ruby-1.9.1/ruby/backward -I/Users/shuky/.rvm/rubies/ruby-1.9.3-p0/include/ruby-1.9.1 -I. -D_XOPEN_SOURCE -D_DARWIN_C_SOURCE    -O3 -ggdb -Wextra -Wno-unused-parameter -Wno-parentheses -Wno-long-long -Wno-missing-field-initializers -Wpointer-arith -Wwrite-strings -Wdeclaration-after-statement -Wshorten-64-to-32 -Wimplicit-function-declaration  -fno-common -pipe conftest.c  -L. -L/Users/shuky/.rvm/rubies/ruby-1.9.3-p0/lib -L.      -lruby.1.9.1  -lpthread -ldl -lobjc "
checked program was:
/* begin */
1: #include "ruby.h"
2: 
3: int main() {return 0;}
/* end */

"gcc-4.2 -E -I/Users/shuky/.rvm/rubies/ruby-1.9.3-p0/include/ruby-1.9.1/x86_64-darwin11.2.0 -I/Users/shuky/.rvm/rubies/ruby-1.9.3-p0/include/ruby-1.9.1/ruby/backward -I/Users/shuky/.rvm/rubies/ruby-1.9.3-p0/include/ruby-1.9.1 -I. -D_XOPEN_SOURCE -D_DARWIN_C_SOURCE    -O3 -ggdb -Wextra -Wno-unused-parameter -Wno-parentheses -Wno-long-long -Wno-missing-field-initializers -Wpointer-arith -Wwrite-strings -Wdeclaration-after-statement -Wshorten-64-to-32 -Wimplicit-function-declaration  -fno-common -pipe  conftest.c -o conftest.i"
conftest.c:3:21: error: vm_core.h: No such file or directory
checked program was:
/* begin */
1: #include "ruby.h"
2: 
3: #include <vm_core.h>
/* end */

--------------------

have_header: checking for vm_core.h... -------------------- no

"gcc-4.2 -E -I/Users/shuky/.rvm/rubies/ruby-1.9.3-p0/include/ruby-1.9.1/x86_64-darwin11.2.0 -I/Users/shuky/.rvm/rubies/ruby-1.9.3-p0/include/ruby-1.9.1/ruby/backward -I/Users/shuky/.rvm/rubies/ruby-1.9.3-p0/include/ruby-1.9.1 -I. -I/Users/shuky/.rvm/rubies/ruby-1.9.3-p0/include/ruby-1.9.1/ruby-1.9.3-p0  -O3 -ggdb -Wextra -Wno-unused-parameter -Wno-parentheses -Wno-long-long -Wno-missing-field-initializers -Wpointer-arith -Wwrite-strings -Wdeclaration-after-statement -Wshorten-64-to-32 -Wimplicit-function-declaration  -fno-common -pipe  conftest.c -o conftest.i"
conftest.c:3:21: error: vm_core.h: No such file or directory
checked program was:
/* begin */
1: #include "ruby.h"
2: 
3: #include <vm_core.h>
/* end */

--------------------

have_header: checking for vm_core.h... -------------------- yes

"gcc-4.2 -E -I/Users/shuky/.rvm/rubies/ruby-1.9.3-p0/include/ruby-1.9.1/x86_64-darwin11.2.0 -I/Users/shuky/.rvm/rubies/ruby-1.9.3-p0/include/ruby-1.9.1/ruby/backward -I/Users/shuky/.rvm/rubies/ruby-1.9.3-p0/include/ruby-1.9.1 -I. -I/Users/shuky/.rvm/rubies/ruby-1.9.3-p0/include/ruby-1.9.1/ruby-1.9.3-p0  -O3 -ggdb -Wextra -Wno-unused-parameter -Wno-parentheses -Wno-long-long -Wno-missing-field-initializers -Wpointer-arith -Wwrite-strings -Wdeclaration-after-statement -Wshorten-64-to-32 -Wimplicit-function-declaration  -fno-common -pipe  conftest.c -o conftest.i"
checked program was:
/* begin */
1: #include "ruby.h"
2: 
3: #include <vm_core.h>
/* end */

--------------------

have_header: checking for version.h... -------------------- yes

"gcc-4.2 -E -I/Users/shuky/.rvm/rubies/ruby-1.9.3-p0/include/ruby-1.9.1/x86_64-darwin11.2.0 -I/Users/shuky/.rvm/rubies/ruby-1.9.3-p0/include/ruby-1.9.1/ruby/backward -I/Users/shuky/.rvm/rubies/ruby-1.9.3-p0/include/ruby-1.9.1 -I. -I/Users/shuky/.rvm/rubies/ruby-1.9.3-p0/include/ruby-1.9.1/ruby-1.9.3-p0  -O3 -ggdb -Wextra -Wno-unused-parameter -Wno-parentheses -Wno-long-long -Wno-missing-field-initializers -Wpointer-arith -Wwrite-strings -Wdeclaration-after-statement -Wshorten-64-to-32 -Wimplicit-function-declaration  -fno-common -pipe  conftest.c -o conftest.i"
checked program was:
/* begin */
1: #include "ruby.h"
2: 
3: #include <version.h>
/* end */

--------------------

